[1mdiff --git a/masterFile.html b/masterFile.html[m
[1mindex 12eab42..836dd42 100644[m
[1m--- a/masterFile.html[m
[1m+++ b/masterFile.html[m
[36m@@ -1,12 +1,20 @@[m
 <!DOCTYPE html>[m
 <html lang="en">[m
[32m+[m
 <head>[m
     <meta charset="UTF-8">[m
     <meta name="viewport" content="width=device-width, initial-scale=1.0">[m
     <title>Document</title>[m
 </head>[m
[32m+[m
 <body>[m
[31m-    <h1>This is First Line Of Code</h1>[m
[31m-    <h2> This is going to be the second commit after some time</h2>[m
[32m+[m[32m    <div>[m
[32m+[m[32m        <h1>This is First Line Of Code</h1>[m
[32m+[m[32m        <h2> This is going to be the second commit after some time</h2>[m
[32m+[m[32m    </div>[m
[32m+[m[32m    <div>[m
[32m+[m[32m        <h1>This is feature01 branch commit</h1>[m
[32m+[m[32m    </div>[m
 </body>[m
[32m+[m
 </html>[m
\ No newline at end of file[m
